#
# There is insufficient memory for the Java Runtime Environment to continue.
# Native memory allocation (mmap) failed to map 132120576 bytes for Failed to commit area from 0x0000000082e00000 to 0x000000008ac00000 of length 132120576.
# Possible reasons:
#   The system is out of physical RAM or swap space
#   The process is running with CompressedOops enabled, and the Java Heap may be blocking the growth of the native heap
# Possible solutions:
#   Reduce memory load on the system
#   Increase physical memory or swap space
#   Check if swap backing store is full
#   Decrease Java heap size (-Xmx/-Xms)
#   Decrease number of Java threads
#   Decrease Java thread stack sizes (-Xss)
#   Set larger code cache with -XX:ReservedCodeCacheSize=
# This output file may be truncated or incomplete.
#
#  Out of Memory Error (t:/workspace/open/src/hotspot/os/windows/os_windows.cpp:3221), pid=115256, tid=115312
#
# JRE version:  (10.0.2+13) (build )
# Java VM: Java HotSpot(TM) 64-Bit Server VM (10.0.2+13, mixed mode, aot, tiered, compressed oops, g1 gc, windows-amd64)
# No core dump will be written. Minidumps are not enabled by default on client versions of Windows
#

---------------  S U M M A R Y ------------

Command Line: -Dfile.encoding=GBK snake.Msnake

Host: Intel(R) Core(TM) i5-8300H CPU @ 2.30GHz, 8 cores, 7G,  Windows 10 , 64 bit Build 17763 (10.0.17763.475)
Time: Thu Nov 14 21:01:49 2019 ?D1¨²¡À¨º¡Á?¨º¡À?? elapsed time: 0 seconds (0d 0h 0m 0s)

---------------  T H R E A D  ---------------

Current thread (0x000001b395682000):  JavaThread "Unknown thread" [_thread_in_vm, id=115312, stack(0x00000004c3800000,0x00000004c3900000)]

Stack: [0x00000004c3800000,0x00000004c3900000]
Native frames: (J=compiled Java code, j=interpreted, Vv=VM code, C=native code)
V  [jvm.dll+0x5a01a9]
V  [jvm.dll+0x6bcf31]
V  [jvm.dll+0x6be126]
V  [jvm.dll+0x6be7b3]
V  [jvm.dll+0x234978]
V  [jvm.dll+0x59dac4]
V  [jvm.dll+0x592825]
V  [jvm.dll+0x2f632b]
V  [jvm.dll+0x2f6295]
V  [jvm.dll+0x2f6172]
V  [jvm.dll+0x2f8366]
V  [jvm.dll+0x344293]
V  [jvm.dll+0x3449a6]
V  [jvm.dll+0x344393]
V  [jvm.dll+0x2c4628]
V  [jvm.dll+0x2c5771]
V  [jvm.dll+0x69d1db]
V  [jvm.dll+0x69e9fc]
V  [jvm.dll+0x3519e9]
V  [jvm.dll+0x6856a2]
V  [jvm.dll+0x3ba0c3]
V  [jvm.dll+0x3bc261]
C  [javaw.exe+0x3541]
C  [javaw.exe+0xe1cf]
C  [javaw.exe+0xe376]
C  [KERNEL32.DLL+0x17974]
C  [ntdll.dll+0x6a271]


---------------  P R O C E S S  ---------------

Threads class SMR info:
_java_thread_list=0x000001b3931c89f0, length=0, elements={
}

Java Threads: ( => current thread )

Other Threads:
  0x000001b39569c000 GCTaskThread "GC Thread#0" [stack: 0x00000004c3900000,0x00000004c3a00000] [id=115268]
  0x000001b39569e800 GCTaskThread "GC Thread#1" [stack: 0x00000004c3a00000,0x00000004c3b00000] [id=115012]
  0x000001b3956a1800 GCTaskThread "GC Thread#2" [stack: 0x00000004c3b00000,0x00000004c3c00000] [id=115316]
  0x000001b3956a4800 GCTaskThread "GC Thread#3" [stack: 0x00000004c3c00000,0x00000004c3d00000] [id=115024]
  0x000001b3956a6800 GCTaskThread "GC Thread#4" [stack: 0x00000004c3d00000,0x00000004c3e00000] [id=115332]
  0x000001b3956ac800 GCTaskThread "GC Thread#5" [stack: 0x00000004c3e00000,0x00000004c3f00000] [id=115032]
  0x000001b3956b1000 GCTaskThread "GC Thread#6" [stack: 0x00000004c3f00000,0x00000004c4000000] [id=115376]
  0x000001b3956ab800 GCTaskThread "GC Thread#7" [stack: 0x00000004c4000000,0x00000004c4100000] [id=74912]
  0x000001b395727000 ConcurrentGCThread "G1 Main Marker" [stack: 0x00000004c4100000,0x00000004c4200000] [id=115360]
  0x000001b3956b0800 ConcurrentGCThread "G1 Conc#0" [stack: 0x00000004c4200000,0x00000004c4300000] [id=103924]
  0x000001b3956b2000 ConcurrentGCThread "G1 Conc#1" [stack: 0x00000004c4300000,0x00000004c4400000] [id=115372]

[error occurred during error reporting (printing all threads), id 0xe0000002]

VM state:not at safepoint (not fully initialized)

VM Mutex/Monitor currently owned by a thread:  ([mutex/lock_event])
[0x000001b395680ac0] Heap_lock - owner thread: 0x000001b395682000

Heap address: 0x0000000082e00000, size: 2002 MB, Compressed Oops mode: Non-zero based: 0x0000000082e00000
Narrow klass base: 0x0000000000000000, Narrow klass shift: 0

GC Heap History (0 events):
No events

Deoptimization events (0 events):
No events

Classes redefined (0 events):
No events

Internal exceptions (0 events):
No events

Events (0 events):
No events


Dynamic libraries:
0x00007ff7235b0000 - 0x00007ff7235ee000 	C:\Program Files\Java\jre-10.0.2\bin\javaw.exe
0x00007fff98bb0000 - 0x00007fff98d9d000 	C:\windows\SYSTEM32\ntdll.dll
0x00007fff974f0000 - 0x00007fff975a3000 	C:\windows\System32\KERNEL32.DLL
0x00007fff95740000 - 0x00007fff959d3000 	C:\windows\System32\KERNELBASE.dll
0x00007fff95fe0000 - 0x00007fff96083000 	C:\windows\System32\ADVAPI32.dll
0x00007fff96d20000 - 0x00007fff96dbe000 	C:\windows\System32\msvcrt.dll
0x00007fff97240000 - 0x00007fff972de000 	C:\windows\System32\sechost.dll
0x00007fff973b0000 - 0x00007fff974d2000 	C:\windows\System32\RPCRT4.dll
0x00007fff967e0000 - 0x00007fff96977000 	C:\windows\System32\USER32.dll
0x00007fff95720000 - 0x00007fff95740000 	C:\windows\System32\win32u.dll
0x00007fff96630000 - 0x00007fff96659000 	C:\windows\System32\GDI32.dll
0x00007fff954e0000 - 0x00007fff95679000 	C:\windows\System32\gdi32full.dll
0x00007fff95680000 - 0x00007fff95720000 	C:\windows\System32\msvcp_win.dll
0x00007fff95cd0000 - 0x00007fff95dca000 	C:\windows\System32\ucrtbase.dll
0x00007fff7f2a0000 - 0x00007fff7f519000 	C:\windows\WinSxS\amd64_microsoft.windows.common-controls_6595b64144ccf1df_6.0.17763.802_none_05b1445c0722d2cc\COMCTL32.dll
0x00007fff969f0000 - 0x00007fff96d1c000 	C:\windows\System32\combase.dll
0x00007fff94c70000 - 0x00007fff94cee000 	C:\windows\System32\bcryptPrimitives.dll
0x00007fff8f720000 - 0x00007fff8f72a000 	C:\windows\SYSTEM32\VERSION.dll
0x00007fff96570000 - 0x00007fff9659e000 	C:\windows\System32\IMM32.DLL
0x00007fff56140000 - 0x00007fff5622f000 	C:\Program Files\Java\jre-10.0.2\bin\msvcr120.dll
0x00007fff56090000 - 0x00007fff56136000 	C:\Program Files\Java\jre-10.0.2\bin\msvcp120.dll
0x0000000060010000 - 0x0000000060a80000 	C:\Program Files\Java\jre-10.0.2\bin\server\jvm.dll
0x00007fff974e0000 - 0x00007fff974e8000 	C:\windows\System32\PSAPI.DLL
0x00007fff925e0000 - 0x00007fff92604000 	C:\windows\SYSTEM32\WINMM.dll
0x00007fff73330000 - 0x00007fff73339000 	C:\windows\SYSTEM32\WSOCK32.dll
0x00007fff96980000 - 0x00007fff969ed000 	C:\windows\System32\WS2_32.dll
0x00007fff925b0000 - 0x00007fff925dd000 	C:\windows\SYSTEM32\winmmbase.dll
0x00007fff94d10000 - 0x00007fff94d5a000 	C:\windows\System32\cfgmgr32.dll
0x00007fff927a0000 - 0x00007fff927af000 	C:\Program Files\Java\jre-10.0.2\bin\verify.dll
0x00007fff93560000 - 0x00007fff9374d000 	C:\windows\SYSTEM32\DBGHELP.DLL
0x00007fff7bec0000 - 0x00007fff7beea000 	C:\windows\SYSTEM32\dbgcore.DLL
0x00007fff6afb0000 - 0x00007fff6afd7000 	C:\Program Files\Java\jre-10.0.2\bin\java.dll
0x00007fff8f220000 - 0x00007fff8f236000 	C:\Program Files\Java\jre-10.0.2\bin\zip.dll
0x00007fff92790000 - 0x00007fff9279a000 	C:\Program Files\Java\jre-10.0.2\bin\jimage.dll

dbghelp: loaded successfully - version: 4.0.5 - missing functions: none
symbol engine: initialized successfully - sym options: 0x614 - pdb path: .;C:\Program Files\Java\jre-10.0.2\bin;C:\windows\SYSTEM32;C:\windows\WinSxS\amd64_microsoft.windows.common-controls_6595b64144ccf1df_6.0.17763.802_none_05b1445c0722d2cc;C:\Program Files\Java\jre-10.0.2\bin\server

VM Arguments:
jvm_args: -Dfile.encoding=GBK 
java_command: snake.Msnake
java_class_path (initial): C:\Users\86153\Desktop\Java\snake\bin
Launcher Type: SUN_STANDARD

Logging:
Log output configuration:
#0: stdout all=warning uptime,level,tags
#1: stderr all=off uptime,level,tags

Environment Variables:
PATH=C:\Program Files (x86)\Common Files\Oracle\Java\javapath;D:\Program Files\Python37\Scripts\;D:\Program Files\Python37\;C:\windows\system32;C:\windows;C:\windows\System32\Wbem;C:\windows\System32\WindowsPowerShell\v1.0\;C:\windows\System32\OpenSSH\;C:\Program Files (x86)\NVIDIA Corporation\PhysX\Common;C:\Program Files\Intel\WiFi\bin\;C:\Program Files\Common Files\Intel\WirelessCommon\;C:\Users\86153\AppData\Local\Microsoft\WindowsApps;
USERNAME=86153
OS=Windows_NT
PROCESSOR_IDENTIFIER=Intel64 Family 6 Model 158 Stepping 10, GenuineIntel



---------------  S Y S T E M  ---------------

OS: Windows 10 , 64 bit Build 17763 (10.0.17763.475)

CPU:total 8 (initial active 8) (4 cores per cpu, 2 threads per core) family 6 model 158 stepping 10, cmov, cx8, fxsr, mmx, sse, sse2, sse3, ssse3, sse4.1, sse4.2, popcnt, avx, avx2, aes, clmul, erms, 3dnowpref, lzcnt, ht, tsc, tscinvbit, bmi1, bmi2, adx, fma

Memory: 4k page, physical 8192228k(501116k free), swap 23658448k(30080k free)

vm_info: Java HotSpot(TM) 64-Bit Server VM (10.0.2+13) for windows-amd64 JRE (10.0.2+13), built on Jun 28 2018 01:57:56 by "mach5one" with MS VC++ 12.0 (VS2013)

END.
